# JRE version: OpenJDK Runtime Environment Temurin-21.0.9+10 (21.0.9+10) (build 21.0.9+10-LTS)
# Java VM: OpenJDK 64-Bit Server VM Temurin-21.0.9+10 (21.0.9+10-LTS, mixed mode, sharing, tiered, compressed oops, compressed class ptrs, parallel gc, windows-amd64)
GC Precious Log:
 CardTable entry size: 512
 CPUs: 16 total, 16 available
 Memory: 15773M
 Large Page Support: Disabled
 NUMA Support: Disabled
 Compressed Oops: Enabled (32-bit)
 Alignments: Space 512K, Generation 512K, Heap 2M
 Heap Min Capacity: 100M
 Heap Initial Capacity: 100M
 Heap Max Capacity: 2G
 Pre-touch: Disabled
 Parallel Workers: 13
Heap:
 PSYoungGen      total 6656K, used 4191K [0x00000000d5580000, 0x00000000d6180000, 0x0000000100000000)
  eden space 5120K, 59% used [0x00000000d5580000,0x00000000d5877ec8,0x00000000d5a80000)
  from space 1536K, 75% used [0x00000000d6000000,0x00000000d6120010,0x00000000d6180000)
  to   space 2560K, 0% used [0x00000000d5c80000,0x00000000d5c80000,0x00000000d5f00000)
 ParOldGen       total 175104K, used 174427K [0x0000000080000000, 0x000000008ab00000, 0x00000000d5580000)
  object space 175104K, 99% used [0x0000000080000000,0x000000008aa56ce8,0x000000008ab00000)
 Metaspace       used 66448K, committed 68032K, reserved 1114112K
  class space    used 7201K, committed 7808K, reserved 1048576K
GC Heap History (20 events):
Event: 30.622 GC heap before
{Heap before GC invocations=144 (full 3):
 PSYoungGen      total 6656K, used 6240K [0x00000000d5580000, 0x00000000d5d00000, 0x0000000100000000)
  eden space 5632K, 100% used [0x00000000d5580000,0x00000000d5b00000,0x00000000d5b00000)
  from space 1024K, 59% used [0x00000000d5c00000,0x00000000d5c98000,0x00000000d5d00000)
  to   space 1024K, 0% used [0x00000000d5b00000,0x00000000d5b00000,0x00000000d5c00000)
 ParOldGen       total 79872K, used 75570K [0x0000000080000000, 0x0000000084e00000, 0x00000000d5580000)
  object space 79872K, 94% used [0x0000000080000000,0x00000000849ccaf0,0x0000000084e00000)
 Metaspace       used 63321K, committed 64832K, reserved 1114112K
  class space    used 6898K, committed 7552K, reserved 1048576K
}
Event: 30.625 GC heap after
{Heap after GC invocations=144 (full 3):
 PSYoungGen      total 6656K, used 864K [0x00000000d5580000, 0x00000000d5d00000, 0x0000000100000000)
  eden space 5632K, 0% used [0x00000000d5580000,0x00000000d5580000,0x00000000d5b00000)
  from space 1024K, 84% used [0x00000000d5b00000,0x00000000d5bd8010,0x00000000d5c00000)
  to   space 1024K, 0% used [0x00000000d5c00000,0x00000000d5c00000,0x00000000d5d00000)
 ParOldGen       total 79872K, used 75986K [0x0000000080000000, 0x0000000084e00000, 0x00000000d5580000)
  object space 79872K, 95% used [0x0000000080000000,0x0000000084a34af0,0x0000000084e00000)
 Metaspace       used 63321K, committed 64832K, reserved 1114112K
  class space    used 6898K, committed 7552K, reserved 1048576K
}
Event: 30.668 GC heap before
{Heap before GC invocations=145 (full 3):
 PSYoungGen      total 6656K, used 6491K [0x00000000d5580000, 0x00000000d5d00000, 0x0000000100000000)
  eden space 5632K, 99% used [0x00000000d5580000,0x00000000d5afedf0,0x00000000d5b00000)
  from space 1024K, 84% used [0x00000000d5b00000,0x00000000d5bd8010,0x00000000d5c00000)
  to   space 1024K, 0% used [0x00000000d5c00000,0x00000000d5c00000,0x00000000d5d00000)
 ParOldGen       total 79872K, used 75986K [0x0000000080000000, 0x0000000084e00000, 0x00000000d5580000)
  object space 79872K, 95% used [0x0000000080000000,0x0000000084a34af0,0x0000000084e00000)
 Metaspace       used 63365K, committed 64896K, reserved 1114112K
  class space    used 6900K, committed 7552K, reserved 1048576K
}
Event: 30.670 GC heap after
{Heap after GC invocations=145 (full 3):
 PSYoungGen      total 6656K, used 704K [0x00000000d5580000, 0x00000000d5d00000, 0x0000000100000000)
  eden space 5632K, 0% used [0x00000000d5580000,0x00000000d5580000,0x00000000d5b00000)
  from space 1024K, 68% used [0x00000000d5c00000,0x00000000d5cb0000,0x00000000d5d00000)
  to   space 1024K, 0% used [0x00000000d5b00000,0x00000000d5b00000,0x00000000d5c00000)
 ParOldGen       total 79872K, used 76254K [0x0000000080000000, 0x0000000084e00000, 0x00000000d5580000)
  object space 79872K, 95% used [0x0000000080000000,0x0000000084a77b00,0x0000000084e00000)
 Metaspace       used 63365K, committed 64896K, reserved 1114112K
  class space    used 6900K, committed 7552K, reserved 1048576K
}
Event: 30.941 GC heap before
{Heap before GC invocations=146 (full 3):
 PSYoungGen      total 6656K, used 6336K [0x00000000d5580000, 0x00000000d5d00000, 0x0000000100000000)
  eden space 5632K, 100% used [0x00000000d5580000,0x00000000d5b00000,0x00000000d5b00000)
  from space 1024K, 68% used [0x00000000d5c00000,0x00000000d5cb0000,0x00000000d5d00000)
  to   space 1024K, 0% used [0x00000000d5b00000,0x00000000d5b00000,0x00000000d5c00000)
 ParOldGen       total 79872K, used 76254K [0x0000000080000000, 0x0000000084e00000, 0x00000000d5580000)
  object space 79872K, 95% used [0x0000000080000000,0x0000000084a77b00,0x0000000084e00000)
 Metaspace       used 63854K, committed 65472K, reserved 1114112K
  class space    used 6945K, committed 7616K, reserved 1048576K
}
Event: 30.947 GC heap after
{Heap after GC invocations=146 (full 3):
 PSYoungGen      total 6656K, used 608K [0x00000000d5580000, 0x00000000d5d00000, 0x0000000100000000)
  eden space 5632K, 0% used [0x00000000d5580000,0x00000000d5580000,0x00000000d5b00000)
  from space 1024K, 59% used [0x00000000d5b00000,0x00000000d5b98000,0x00000000d5c00000)
  to   space 1024K, 0% used [0x00000000d5c00000,0x00000000d5c00000,0x00000000d5d00000)
 ParOldGen       total 79872K, used 76574K [0x0000000080000000, 0x0000000084e00000, 0x00000000d5580000)
  object space 79872K, 95% used [0x0000000080000000,0x0000000084ac7b00,0x0000000084e00000)
 Metaspace       used 63854K, committed 65472K, reserved 1114112K
  class space    used 6945K, committed 7616K, reserved 1048576K
}
Event: 31.197 GC heap before
{Heap before GC invocations=147 (full 3):
 PSYoungGen      total 6656K, used 6189K [0x00000000d5580000, 0x00000000d5d00000, 0x0000000100000000)
  eden space 5632K, 99% used [0x00000000d5580000,0x00000000d5af3608,0x00000000d5b00000)
  from space 1024K, 59% used [0x00000000d5b00000,0x00000000d5b98000,0x00000000d5c00000)
  to   space 1024K, 0% used [0x00000000d5c00000,0x00000000d5c00000,0x00000000d5d00000)
 ParOldGen       total 79872K, used 76574K [0x0000000080000000, 0x0000000084e00000, 0x00000000d5580000)
  object space 79872K, 95% used [0x0000000080000000,0x0000000084ac7b00,0x0000000084e00000)
 Metaspace       used 64522K, committed 66112K, reserved 1114112K
  class space    used 7027K, committed 7680K, reserved 1048576K
}
Event: 31.199 GC heap after
{Heap after GC invocations=147 (full 3):
 PSYoungGen      total 6656K, used 826K [0x00000000d5580000, 0x00000000d5d00000, 0x0000000100000000)
  eden space 5632K, 0% used [0x00000000d5580000,0x00000000d5580000,0x00000000d5b00000)
  from space 1024K, 80% used [0x00000000d5c00000,0x00000000d5cce8c8,0x00000000d5d00000)
  to   space 1024K, 0% used [0x00000000d5b00000,0x00000000d5b00000,0x00000000d5c00000)
 ParOldGen       total 79872K, used 76804K [0x0000000080000000, 0x0000000084e00000, 0x00000000d5580000)
  object space 79872K, 96% used [0x0000000080000000,0x0000000084b01228,0x0000000084e00000)
 Metaspace       used 64522K, committed 66112K, reserved 1114112K
  class space    used 7027K, committed 7680K, reserved 1048576K
}
Event: 31.418 GC heap before
{Heap before GC invocations=148 (full 3):
 PSYoungGen      total 6656K, used 6454K [0x00000000d5580000, 0x00000000d5d00000, 0x0000000100000000)
  eden space 5632K, 99% used [0x00000000d5580000,0x00000000d5afefb0,0x00000000d5b00000)
  from space 1024K, 80% used [0x00000000d5c00000,0x00000000d5cce8c8,0x00000000d5d00000)
  to   space 1024K, 0% used [0x00000000d5b00000,0x00000000d5b00000,0x00000000d5c00000)
 ParOldGen       total 143360K, used 138244K [0x0000000080000000, 0x0000000088c00000, 0x00000000d5580000)
  object space 143360K, 96% used [0x0000000080000000,0x0000000088701288,0x0000000088c00000)
 Metaspace       used 64963K, committed 66560K, reserved 1114112K
  class space    used 7064K, committed 7744K, reserved 1048576K
}
Event: 31.422 GC heap after
{Heap after GC invocations=148 (full 3):
 PSYoungGen      total 6656K, used 903K [0x00000000d5580000, 0x00000000d5d00000, 0x0000000100000000)
  eden space 5632K, 0% used [0x00000000d5580000,0x00000000d5580000,0x00000000d5b00000)
  from space 1024K, 88% used [0x00000000d5b00000,0x00000000d5be1e70,0x00000000d5c00000)
  to   space 1024K, 0% used [0x00000000d5c00000,0x00000000d5c00000,0x00000000d5d00000)
 ParOldGen       total 143360K, used 138918K [0x0000000080000000, 0x0000000088c00000, 0x00000000d5580000)
  object space 143360K, 96% used [0x0000000080000000,0x00000000887a9b50,0x0000000088c00000)
 Metaspace       used 64963K, committed 66560K, reserved 1114112K
  class space    used 7064K, committed 7744K, reserved 1048576K
}
Event: 31.591 GC heap before
{Heap before GC invocations=149 (full 3):
 PSYoungGen      total 6656K, used 6535K [0x00000000d5580000, 0x00000000d5d00000, 0x0000000100000000)
  eden space 5632K, 100% used [0x00000000d5580000,0x00000000d5b00000,0x00000000d5b00000)
  from space 1024K, 88% used [0x00000000d5b00000,0x00000000d5be1e70,0x00000000d5c00000)
  to   space 1024K, 0% used [0x00000000d5c00000,0x00000000d5c00000,0x00000000d5d00000)
 ParOldGen       total 175104K, used 169638K [0x0000000080000000, 0x000000008ab00000, 0x00000000d5580000)
  object space 175104K, 96% used [0x0000000080000000,0x000000008a5a9b80,0x000000008ab00000)
 Metaspace       used 65332K, committed 66880K, reserved 1114112K
  class space    used 7095K, committed 7744K, reserved 1048576K
}
Event: 31.595 GC heap after
{Heap after GC invocations=149 (full 3):
 PSYoungGen      total 6656K, used 695K [0x00000000d5580000, 0x00000000d5d00000, 0x0000000100000000)
  eden space 5632K, 0% used [0x00000000d5580000,0x00000000d5580000,0x00000000d5b00000)
  from space 1024K, 67% used [0x00000000d5c00000,0x00000000d5cade00,0x00000000d5d00000)
  to   space 1024K, 0% used [0x00000000d5b00000,0x00000000d5b00000,0x00000000d5c00000)
 ParOldGen       total 175104K, used 170333K [0x0000000080000000, 0x000000008ab00000, 0x00000000d5580000)
  object space 175104K, 97% used [0x0000000080000000,0x000000008a657488,0x000000008ab00000)
 Metaspace       used 65332K, committed 66880K, reserved 1114112K
  class space    used 7095K, committed 7744K, reserved 1048576K
}
Event: 32.582 GC heap before
{Heap before GC invocations=150 (full 3):
 PSYoungGen      total 6656K, used 6327K [0x00000000d5580000, 0x00000000d5d00000, 0x0000000100000000)
  eden space 5632K, 100% used [0x00000000d5580000,0x00000000d5b00000,0x00000000d5b00000)
  from space 1024K, 67% used [0x00000000d5c00000,0x00000000d5cade00,0x00000000d5d00000)
  to   space 1024K, 0% used [0x00000000d5b00000,0x00000000d5b00000,0x00000000d5c00000)
 ParOldGen       total 175104K, used 170333K [0x0000000080000000, 0x000000008ab00000, 0x00000000d5580000)
  object space 175104K, 97% used [0x0000000080000000,0x000000008a657488,0x000000008ab00000)
 Metaspace       used 65734K, committed 67264K, reserved 1114112K
  class space    used 7163K, committed 7808K, reserved 1048576K
}
Event: 32.583 GC heap after
{Heap after GC invocations=150 (full 3):
 PSYoungGen      total 6656K, used 464K [0x00000000d5580000, 0x00000000d5d00000, 0x0000000100000000)
  eden space 5632K, 0% used [0x00000000d5580000,0x00000000d5580000,0x00000000d5b00000)
  from space 1024K, 45% used [0x00000000d5b00000,0x00000000d5b74010,0x00000000d5c00000)
  to   space 1024K, 0% used [0x00000000d5c00000,0x00000000d5c00000,0x00000000d5d00000)
 ParOldGen       total 175104K, used 170535K [0x0000000080000000, 0x000000008ab00000, 0x00000000d5580000)
  object space 175104K, 97% used [0x0000000080000000,0x000000008a689c90,0x000000008ab00000)
 Metaspace       used 65734K, committed 67264K, reserved 1114112K
  class space    used 7163K, committed 7808K, reserved 1048576K
}
Event: 250.217 GC heap before
{Heap before GC invocations=151 (full 3):
 PSYoungGen      total 6656K, used 6087K [0x00000000d5580000, 0x00000000d5d00000, 0x0000000100000000)
  eden space 5632K, 99% used [0x00000000d5580000,0x00000000d5afdfd0,0x00000000d5b00000)
  from space 1024K, 45% used [0x00000000d5b00000,0x00000000d5b74010,0x00000000d5c00000)
  to   space 1024K, 0% used [0x00000000d5c00000,0x00000000d5c00000,0x00000000d5d00000)
 ParOldGen       total 175104K, used 170535K [0x0000000080000000, 0x000000008ab00000, 0x00000000d5580000)
  object space 175104K, 97% used [0x0000000080000000,0x000000008a689c90,0x000000008ab00000)
 Metaspace       used 65827K, committed 67392K, reserved 1114112K
  class space    used 7171K, committed 7808K, reserved 1048576K
}
Event: 250.219 GC heap after
{Heap after GC invocations=151 (full 3):
 PSYoungGen      total 6144K, used 1009K [0x00000000d5580000, 0x00000000d5e00000, 0x0000000100000000)
  eden space 5120K, 0% used [0x00000000d5580000,0x00000000d5580000,0x00000000d5a80000)
  from space 1024K, 98% used [0x00000000d5c00000,0x00000000d5cfc428,0x00000000d5d00000)
  to   space 1536K, 0% used [0x00000000d5a80000,0x00000000d5a80000,0x00000000d5c00000)
 ParOldGen       total 175104K, used 170871K [0x0000000080000000, 0x000000008ab00000, 0x00000000d5580000)
  object space 175104K, 97% used [0x0000000080000000,0x000000008a6ddc90,0x000000008ab00000)
 Metaspace       used 65827K, committed 67392K, reserved 1114112K
  class space    used 7171K, committed 7808K, reserved 1048576K
}
Event: 250.355 GC heap before
{Heap before GC invocations=152 (full 3):
 PSYoungGen      total 6144K, used 6124K [0x00000000d5580000, 0x00000000d5e00000, 0x0000000100000000)
  eden space 5120K, 99% used [0x00000000d5580000,0x00000000d5a7ec60,0x00000000d5a80000)
  from space 1024K, 98% used [0x00000000d5c00000,0x00000000d5cfc428,0x00000000d5d00000)
  to   space 1536K, 0% used [0x00000000d5a80000,0x00000000d5a80000,0x00000000d5c00000)
 ParOldGen       total 175104K, used 170871K [0x0000000080000000, 0x000000008ab00000, 0x00000000d5580000)
  object space 175104K, 97% used [0x0000000080000000,0x000000008a6ddc90,0x000000008ab00000)
 Metaspace       used 65834K, committed 67392K, reserved 1114112K
  class space    used 7171K, committed 7808K, reserved 1048576K
}
Event: 250.358 GC heap after
{Heap after GC invocations=152 (full 3):
 PSYoungGen      total 6656K, used 1535K [0x00000000d5580000, 0x00000000d6580000, 0x0000000100000000)
  eden space 5120K, 0% used [0x00000000d5580000,0x00000000d5580000,0x00000000d5a80000)
  from space 1536K, 99% used [0x00000000d5a80000,0x00000000d5bffc48,0x00000000d5c00000)
  to   space 5632K, 0% used [0x00000000d6000000,0x00000000d6000000,0x00000000d6580000)
 ParOldGen       total 175104K, used 174307K [0x0000000080000000, 0x000000008ab00000, 0x00000000d5580000)
  object space 175104K, 99% used [0x0000000080000000,0x000000008aa38ce8,0x000000008ab00000)
 Metaspace       used 65834K, committed 67392K, reserved 1114112K
  class space    used 7171K, committed 7808K, reserved 1048576K
}
Event: 322.953 GC heap before
{Heap before GC invocations=153 (full 3):
 PSYoungGen      total 6656K, used 6655K [0x00000000d5580000, 0x00000000d6580000, 0x0000000100000000)
  eden space 5120K, 100% used [0x00000000d5580000,0x00000000d5a80000,0x00000000d5a80000)
  from space 1536K, 99% used [0x00000000d5a80000,0x00000000d5bffc48,0x00000000d5c00000)
  to   space 5632K, 0% used [0x00000000d6000000,0x00000000d6000000,0x00000000d6580000)
 ParOldGen       total 175104K, used 174307K [0x0000000080000000, 0x000000008ab00000, 0x00000000d5580000)
  object space 175104K, 99% used [0x0000000080000000,0x000000008aa38ce8,0x000000008ab00000)
 Metaspace       used 66139K, committed 67712K, reserved 1114112K
  class space    used 7178K, committed 7808K, reserved 1048576K
}
Event: 322.956 GC heap after
{Heap after GC invocations=153 (full 3):
 PSYoungGen      total 6656K, used 1152K [0x00000000d5580000, 0x00000000d6180000, 0x0000000100000000)
  eden space 5120K, 0% used [0x00000000d5580000,0x00000000d5580000,0x00000000d5a80000)
  from space 1536K, 75% used [0x00000000d6000000,0x00000000d6120010,0x00000000d6180000)
  to   space 2560K, 0% used [0x00000000d5c80000,0x00000000d5c80000,0x00000000d5f00000)
 ParOldGen       total 175104K, used 174427K [0x0000000080000000, 0x000000008ab00000, 0x00000000d5580000)
  object space 175104K, 99% used [0x0000000080000000,0x000000008aa56ce8,0x000000008ab00000)
 Metaspace       used 66139K, committed 67712K, reserved 1114112K
  class space    used 7178K, committed 7808K, reserved 1048576K
}

